# JRE version: OpenJDK Runtime Environment (8.0_202-b03) (build 1.8.0_202-release-1483-b03)
# Java VM: OpenJDK 64-Bit Server VM (25.202-b03 mixed mode windows-amd64 compressed oops)
Heap:
 PSYoungGen      total 385536K, used 97217K [0x00000000e0000000, 0x0000000100000000, 0x0000000100000000)
  eden space 238592K, 18% used [0x00000000e0000000,0x00000000e2a682d0,0x00000000ee900000)
  from space 146944K, 36% used [0x00000000f7080000,0x00000000fa5083f0,0x0000000100000000)
  to   space 138752K, 27% used [0x00000000ee900000,0x00000000f0f06548,0x00000000f7080000)
 ParOldGen       total 430080K, used 269579K [0x00000000a0000000, 0x00000000ba400000, 0x00000000e0000000)
  object space 430080K, 62% used [0x00000000a0000000,0x00000000b0742d60,0x00000000ba400000)
 Metaspace       used 127920K, capacity 132272K, committed 132392K, reserved 1167360K
  class space    used 16407K, capacity 17411K, committed 17448K, reserved 1048576K
GC Heap History (10 events):
Event: 209.094 GC heap before
{Heap before GC invocations=33 (full 6):
 PSYoungGen      total 409088K, used 351569K [0x00000000e0000000, 0x00000000ff180000, 0x0000000100000000)
  eden space 320000K, 99% used [0x00000000e0000000,0x00000000f3864df8,0x00000000f3880000)
  from space 89088K, 35% used [0x00000000f9a80000,0x00000000fb96f848,0x00000000ff180000)
  to   space 94720K, 0% used [0x00000000f3880000,0x00000000f3880000,0x00000000f9500000)
 ParOldGen       total 369664K, used 231728K [0x00000000a0000000, 0x00000000b6900000, 0x00000000e0000000)
  object space 369664K, 62% used [0x00000000a0000000,0x00000000ae24c340,0x00000000b6900000)
 Metaspace       used 125256K, capacity 129406K, committed 129448K, reserved 1161216K
  class space    used 16070K, capacity 17060K, committed 17064K, reserved 1048576K
Event: 209.161 GC heap after
Heap after GC invocations=33 (full 6):
 PSYoungGen      total 414720K, used 61808K [0x00000000e0000000, 0x0000000100000000, 0x0000000100000000)
  eden space 320000K, 0% used [0x00000000e0000000,0x00000000e0000000,0x00000000f3880000)
  from space 94720K, 65% used [0x00000000f3880000,0x00000000f74dc1c0,0x00000000f9500000)
  to   space 97792K, 0% used [0x00000000fa080000,0x00000000fa080000,0x0000000100000000)
 ParOldGen       total 369664K, used 231728K [0x00000000a0000000, 0x00000000b6900000, 0x00000000e0000000)
  object space 369664K, 62% used [0x00000000a0000000,0x00000000ae24c340,0x00000000b6900000)
 Metaspace       used 125256K, capacity 129406K, committed 129448K, reserved 1161216K
  class space    used 16070K, capacity 17060K, committed 17064K, reserved 1048576K
}
Event: 212.534 GC heap before
{Heap before GC invocations=34 (full 6):
 PSYoungGen      total 414720K, used 381808K [0x00000000e0000000, 0x0000000100000000, 0x0000000100000000)
  eden space 320000K, 100% used [0x00000000e0000000,0x00000000f3880000,0x00000000f3880000)
  from space 94720K, 65% used [0x00000000f3880000,0x00000000f74dc1c0,0x00000000f9500000)
  to   space 97792K, 0% used [0x00000000fa080000,0x00000000fa080000,0x0000000100000000)
 ParOldGen       total 369664K, used 231728K [0x00000000a0000000, 0x00000000b6900000, 0x00000000e0000000)
  object space 369664K, 62% used [0x00000000a0000000,0x00000000ae24c340,0x00000000b6900000)
 Metaspace       used 126217K, capacity 130426K, committed 130728K, reserved 1163264K
  class space    used 16214K, capacity 17196K, committed 17320K, reserved 1048576K
Event: 212.783 GC heap after
Heap after GC invocations=34 (full 6):
 PSYoungGen      total 350720K, used 97782K [0x00000000e0000000, 0x0000000100000000, 0x0000000100000000)
  eden space 252928K, 0% used [0x00000000e0000000,0x00000000e0000000,0x00000000ef700000)
  from space 97792K, 99% used [0x00000000fa080000,0x00000000ffffdbc8,0x0000000100000000)
  to   space 135680K, 0% used [0x00000000ef700000,0x00000000ef700000,0x00000000f7b80000)
 ParOldGen       total 369664K, used 292262K [0x00000000a0000000, 0x00000000b6900000, 0x00000000e0000000)
  object space 369664K, 79% used [0x00000000a0000000,0x00000000b1d69a50,0x00000000b6900000)
 Metaspace       used 126217K, capacity 130426K, committed 130728K, reserved 1163264K
  class space    used 16214K, capacity 17196K, committed 17320K, reserved 1048576K
}
Event: 214.298 GC heap before
{Heap before GC invocations=35 (full 6):
 PSYoungGen      total 350720K, used 349666K [0x00000000e0000000, 0x0000000100000000, 0x0000000100000000)
  eden space 252928K, 99% used [0x00000000e0000000,0x00000000ef5fae20,0x00000000ef700000)
  from space 97792K, 99% used [0x00000000fa080000,0x00000000ffffdbc8,0x0000000100000000)
  to   space 135680K, 0% used [0x00000000ef700000,0x00000000ef700000,0x00000000f7b80000)
 ParOldGen       total 369664K, used 292262K [0x00000000a0000000, 0x00000000b6900000, 0x00000000e0000000)
  object space 369664K, 79% used [0x00000000a0000000,0x00000000b1d69a50,0x00000000b6900000)
 Metaspace       used 126340K, capacity 130498K, committed 130728K, reserved 1163264K
  class space    used 16214K, capacity 17196K, committed 17320K, reserved 1048576K
Event: 214.551 GC heap after
Heap after GC invocations=35 (full 6):
 PSYoungGen      total 358400K, used 105345K [0x00000000e0000000, 0x0000000100000000, 0x0000000100000000)
  eden space 252928K, 0% used [0x00000000e0000000,0x00000000e0000000,0x00000000ef700000)
  from space 105472K, 99% used [0x00000000ef700000,0x00000000f5de0650,0x00000000f5e00000)
  to   space 146944K, 0% used [0x00000000f7080000,0x00000000f7080000,0x0000000100000000)
 ParOldGen       total 369664K, used 320519K [0x00000000a0000000, 0x00000000b6900000, 0x00000000e0000000)
  object space 369664K, 86% used [0x00000000a0000000,0x00000000b3901e20,0x00000000b6900000)
 Metaspace       used 126340K, capacity 130498K, committed 130728K, reserved 1163264K
  class space    used 16214K, capacity 17196K, committed 17320K, reserved 1048576K
}
Event: 214.551 GC heap before
{Heap before GC invocations=36 (full 7):
 PSYoungGen      total 358400K, used 105345K [0x00000000e0000000, 0x0000000100000000, 0x0000000100000000)
  eden space 252928K, 0% used [0x00000000e0000000,0x00000000e0000000,0x00000000ef700000)
  from space 105472K, 99% used [0x00000000ef700000,0x00000000f5de0650,0x00000000f5e00000)
  to   space 146944K, 0% used [0x00000000f7080000,0x00000000f7080000,0x0000000100000000)
 ParOldGen       total 369664K, used 320519K [0x00000000a0000000, 0x00000000b6900000, 0x00000000e0000000)
  object space 369664K, 86% used [0x00000000a0000000,0x00000000b3901e20,0x00000000b6900000)
 Metaspace       used 126340K, capacity 130498K, committed 130728K, reserved 1163264K
  class space    used 16214K, capacity 17196K, committed 17320K, reserved 1048576K
Event: 216.060 GC heap after
Heap after GC invocations=36 (full 7):
 PSYoungGen      total 358400K, used 0K [0x00000000e0000000, 0x0000000100000000, 0x0000000100000000)
  eden space 252928K, 0% used [0x00000000e0000000,0x00000000e0000000,0x00000000ef700000)
  from space 105472K, 0% used [0x00000000ef700000,0x00000000ef700000,0x00000000f5e00000)
  to   space 146944K, 0% used [0x00000000f7080000,0x00000000f7080000,0x0000000100000000)
 ParOldGen       total 430080K, used 269571K [0x00000000a0000000, 0x00000000ba400000, 0x00000000e0000000)
  object space 430080K, 62% used [0x00000000a0000000,0x00000000b0740d60,0x00000000ba400000)
 Metaspace       used 126305K, capacity 130408K, committed 130728K, reserved 1163264K
  class space    used 16201K, capacity 17173K, committed 17320K, reserved 1048576K
}
Event: 222.727 GC heap before
{Heap before GC invocations=37 (full 7):
 PSYoungGen      total 358400K, used 252928K [0x00000000e0000000, 0x0000000100000000, 0x0000000100000000)
  eden space 252928K, 100% used [0x00000000e0000000,0x00000000ef700000,0x00000000ef700000)
  from space 105472K, 0% used [0x00000000ef700000,0x00000000ef700000,0x00000000f5e00000)
  to   space 146944K, 0% used [0x00000000f7080000,0x00000000f7080000,0x0000000100000000)
 ParOldGen       total 430080K, used 269571K [0x00000000a0000000, 0x00000000ba400000, 0x00000000e0000000)
  object space 430080K, 62% used [0x00000000a0000000,0x00000000b0740d60,0x00000000ba400000)
 Metaspace       used 127887K, capacity 132272K, committed 132392K, reserved 1165312K
  class space    used 16406K, capacity 17411K, committed 17448K, reserved 1048576K
Event: 222.781 GC heap after
Heap after GC invocations=37 (full 7):
 PSYoungGen      total 385536K, used 53792K [0x00000000e0000000, 0x0000000100000000, 0x0000000100000000)
  eden space 238592K, 0% used [0x00000000e0000000,0x00000000e0000000,0x00000000ee900000)
  from space 146944K, 36% used [0x00000000f7080000,0x00000000fa5083f0,0x0000000100000000)
  to   space 138752K, 0% used [0x00000000ee900000,0x00000000ee900000,0x00000000f7080000)
 ParOldGen       total 430080K, used 269579K [0x00000000a0000000, 0x00000000ba400000, 0x00000000e0000000)
  object space 430080K, 62% used [0x00000000a0000000,0x00000000b0742d60,0x00000000ba400000)
 Metaspace       used 127887K, capacity 132272K, committed 132392K, reserved 1165312K
  class space    used 16406K, capacity 17411K, committed 17448K, reserved 1048576K
}

